{"C:\\Users\\gerar\\OneDrive\\Desktop\\MeetApp\\meet\\src\\App.jsx": {"path":"C:\\Users\\gerar\\OneDrive\\Desktop\\MeetApp\\meet\\src\\App.jsx","statementMap":{"0":{"start":{"line":10,"column":12},"end":{"line":41,"column":1}},"1":{"start":{"line":11,"column":30},"end":{"line":11,"column":42}},"2":{"start":{"line":12,"column":46},"end":{"line":12,"column":60}},"3":{"start":{"line":13,"column":42},"end":{"line":13,"column":54}},"4":{"start":{"line":14,"column":40},"end":{"line":14,"column":66}},"5":{"start":{"line":16,"column":2},"end":{"line":18,"column":36}},"6":{"start":{"line":17,"column":4},"end":{"line":17,"column":16}},"7":{"start":{"line":20,"column":20},"end":{"line":27,"column":3}},"8":{"start":{"line":21,"column":22},"end":{"line":21,"column":39}},"9":{"start":{"line":22,"column":27},"end":{"line":24,"column":63}},"10":{"start":{"line":24,"column":32},"end":{"line":24,"column":62}},"11":{"start":{"line":25,"column":4},"end":{"line":25,"column":55}},"12":{"start":{"line":26,"column":4},"end":{"line":26,"column":49}},"13":{"start":{"line":29,"column":2},"end":{"line":40,"column":4}}},"fnMap":{"0":{"name":"(anonymous_0)","decl":{"start":{"line":10,"column":12},"end":{"line":10,"column":13}},"loc":{"start":{"line":10,"column":18},"end":{"line":41,"column":1}},"line":10},"1":{"name":"(anonymous_1)","decl":{"start":{"line":16,"column":12},"end":{"line":16,"column":13}},"loc":{"start":{"line":16,"column":18},"end":{"line":18,"column":3}},"line":16},"2":{"name":"(anonymous_2)","decl":{"start":{"line":20,"column":20},"end":{"line":20,"column":21}},"loc":{"start":{"line":20,"column":32},"end":{"line":27,"column":3}},"line":20},"3":{"name":"(anonymous_3)","decl":{"start":{"line":24,"column":23},"end":{"line":24,"column":24}},"loc":{"start":{"line":24,"column":32},"end":{"line":24,"column":62}},"line":24}},"branchMap":{"0":{"loc":{"start":{"line":22,"column":27},"end":{"line":24,"column":63}},"type":"cond-expr","locations":[{"start":{"line":23,"column":6},"end":{"line":23,"column":15}},{"start":{"line":24,"column":6},"end":{"line":24,"column":63}}],"line":22}},"s":{"0":4,"1":18,"2":17,"3":17,"4":17,"5":17,"6":10,"7":17,"8":10,"9":10,"10":35,"11":10,"12":10,"13":17},"f":{"0":18,"1":10,"2":10,"3":35},"b":{"0":[9,1]},"_coverageSchema":"1a1c01bbd47fc00a2c39e90264f33305004495a9","hash":"03b5547eecbc1e844624e21cbef2126cdf6337b9"}
,"C:\\Users\\gerar\\OneDrive\\Desktop\\MeetApp\\meet\\src\\api.js": {"path":"C:\\Users\\gerar\\OneDrive\\Desktop\\MeetApp\\meet\\src\\api.js","statementMap":{"0":{"start":{"line":3,"column":32},"end":{"line":7,"column":1}},"1":{"start":{"line":4,"column":29},"end":{"line":4,"column":66}},"2":{"start":{"line":4,"column":51},"end":{"line":4,"column":65}},"3":{"start":{"line":5,"column":20},"end":{"line":5,"column":52}},"4":{"start":{"line":6,"column":2},"end":{"line":6,"column":19}},"5":{"start":{"line":9,"column":19},"end":{"line":15,"column":1}},"6":{"start":{"line":10,"column":19},"end":{"line":12,"column":3}},"7":{"start":{"line":13,"column":17},"end":{"line":13,"column":38}},"8":{"start":{"line":14,"column":2},"end":{"line":14,"column":16}},"9":{"start":{"line":17,"column":17},"end":{"line":27,"column":1}},"10":{"start":{"line":18,"column":21},"end":{"line":18,"column":45}},"11":{"start":{"line":19,"column":19},"end":{"line":21,"column":3}},"12":{"start":{"line":22,"column":27},"end":{"line":22,"column":48}},"13":{"start":{"line":23,"column":2},"end":{"line":23,"column":69}},"14":{"start":{"line":26,"column":2},"end":{"line":26,"column":22}},"15":{"start":{"line":29,"column":20},"end":{"line":42,"column":1}},"16":{"start":{"line":31,"column":2},"end":{"line":41,"column":3}},"17":{"start":{"line":32,"column":4},"end":{"line":36,"column":31}},"18":{"start":{"line":37,"column":4},"end":{"line":37,"column":45}},"19":{"start":{"line":39,"column":4},"end":{"line":39,"column":68}},"20":{"start":{"line":40,"column":4},"end":{"line":40,"column":45}},"21":{"start":{"line":44,"column":25},"end":{"line":62,"column":1}},"22":{"start":{"line":45,"column":2},"end":{"line":47,"column":3}},"23":{"start":{"line":46,"column":4},"end":{"line":46,"column":20}},"24":{"start":{"line":50,"column":16},"end":{"line":50,"column":38}},"25":{"start":{"line":53,"column":2},"end":{"line":61,"column":3}},"26":{"start":{"line":54,"column":4},"end":{"line":54,"column":18}},"27":{"start":{"line":55,"column":16},"end":{"line":55,"column":107}},"28":{"start":{"line":56,"column":21},"end":{"line":56,"column":37}},"29":{"start":{"line":57,"column":19},"end":{"line":57,"column":40}},"30":{"start":{"line":58,"column":4},"end":{"line":60,"column":23}},"31":{"start":{"line":59,"column":6},"end":{"line":59,"column":27}},"32":{"start":{"line":60,"column":11},"end":{"line":60,"column":23}},"33":{"start":{"line":64,"column":30},"end":{"line":86,"column":1}},"34":{"start":{"line":65,"column":22},"end":{"line":65,"column":58}},"35":{"start":{"line":66,"column":21},"end":{"line":66,"column":67}},"36":{"start":{"line":69,"column":2},"end":{"line":82,"column":3}},"37":{"start":{"line":70,"column":4},"end":{"line":70,"column":50}},"38":{"start":{"line":71,"column":25},"end":{"line":71,"column":68}},"39":{"start":{"line":72,"column":17},"end":{"line":72,"column":47}},"40":{"start":{"line":73,"column":4},"end":{"line":80,"column":5}},"41":{"start":{"line":74,"column":23},"end":{"line":76,"column":7}},"42":{"start":{"line":77,"column":21},"end":{"line":77,"column":42}},"43":{"start":{"line":78,"column":26},"end":{"line":78,"column":32}},"44":{"start":{"line":79,"column":6},"end":{"line":79,"column":46}},"45":{"start":{"line":81,"column":4},"end":{"line":81,"column":34}},"46":{"start":{"line":83,"column":2},"end":{"line":83,"column":21}}},"fnMap":{"0":{"name":"(anonymous_0)","decl":{"start":{"line":3,"column":32},"end":{"line":3,"column":33}},"loc":{"start":{"line":3,"column":44},"end":{"line":7,"column":1}},"line":3},"1":{"name":"(anonymous_1)","decl":{"start":{"line":4,"column":40},"end":{"line":4,"column":41}},"loc":{"start":{"line":4,"column":51},"end":{"line":4,"column":65}},"line":4},"2":{"name":"(anonymous_2)","decl":{"start":{"line":9,"column":19},"end":{"line":9,"column":20}},"loc":{"start":{"line":9,"column":42},"end":{"line":15,"column":1}},"line":9},"3":{"name":"(anonymous_3)","decl":{"start":{"line":17,"column":17},"end":{"line":17,"column":18}},"loc":{"start":{"line":17,"column":33},"end":{"line":27,"column":1}},"line":17},"4":{"name":"(anonymous_4)","decl":{"start":{"line":29,"column":20},"end":{"line":29,"column":21}},"loc":{"start":{"line":29,"column":26},"end":{"line":42,"column":1}},"line":29},"5":{"name":"(anonymous_5)","decl":{"start":{"line":44,"column":25},"end":{"line":44,"column":26}},"loc":{"start":{"line":44,"column":37},"end":{"line":62,"column":1}},"line":44},"6":{"name":"(anonymous_6)","decl":{"start":{"line":64,"column":30},"end":{"line":64,"column":31}},"loc":{"start":{"line":64,"column":42},"end":{"line":86,"column":1}},"line":64}},"branchMap":{"0":{"loc":{"start":{"line":23,"column":2},"end":{"line":23,"column":68}},"type":"binary-expr","locations":[{"start":{"line":23,"column":2},"end":{"line":23,"column":14}},{"start":{"line":23,"column":18},"end":{"line":23,"column":68}}],"line":23},"1":{"loc":{"start":{"line":31,"column":2},"end":{"line":41,"column":3}},"type":"if","locations":[{"start":{"line":31,"column":2},"end":{"line":41,"column":3}},{"start":{"line":38,"column":9},"end":{"line":41,"column":3}}],"line":31},"2":{"loc":{"start":{"line":31,"column":6},"end":{"line":31,"column":58}},"type":"binary-expr","locations":[{"start":{"line":31,"column":6},"end":{"line":31,"column":30}},{"start":{"line":31,"column":34},"end":{"line":31,"column":58}}],"line":31},"3":{"loc":{"start":{"line":45,"column":2},"end":{"line":47,"column":3}},"type":"if","locations":[{"start":{"line":45,"column":2},"end":{"line":47,"column":3}},{"start":{},"end":{}}],"line":45},"4":{"loc":{"start":{"line":53,"column":2},"end":{"line":61,"column":3}},"type":"if","locations":[{"start":{"line":53,"column":2},"end":{"line":61,"column":3}},{"start":{},"end":{}}],"line":53},"5":{"loc":{"start":{"line":58,"column":4},"end":{"line":60,"column":23}},"type":"if","locations":[{"start":{"line":58,"column":4},"end":{"line":60,"column":23}},{"start":{"line":60,"column":11},"end":{"line":60,"column":23}}],"line":58},"6":{"loc":{"start":{"line":66,"column":21},"end":{"line":66,"column":67}},"type":"binary-expr","locations":[{"start":{"line":66,"column":21},"end":{"line":66,"column":32}},{"start":{"line":66,"column":37},"end":{"line":66,"column":66}}],"line":66},"7":{"loc":{"start":{"line":69,"column":2},"end":{"line":82,"column":3}},"type":"if","locations":[{"start":{"line":69,"column":2},"end":{"line":82,"column":3}},{"start":{},"end":{}}],"line":69},"8":{"loc":{"start":{"line":69,"column":6},"end":{"line":69,"column":38}},"type":"binary-expr","locations":[{"start":{"line":69,"column":6},"end":{"line":69,"column":18}},{"start":{"line":69,"column":22},"end":{"line":69,"column":38}}],"line":69},"9":{"loc":{"start":{"line":73,"column":4},"end":{"line":80,"column":5}},"type":"if","locations":[{"start":{"line":73,"column":4},"end":{"line":80,"column":5}},{"start":{},"end":{}}],"line":73},"10":{"loc":{"start":{"line":81,"column":11},"end":{"line":81,"column":33}},"type":"binary-expr","locations":[{"start":{"line":81,"column":11},"end":{"line":81,"column":15}},{"start":{"line":81,"column":19},"end":{"line":81,"column":33}}],"line":81}},"s":{"0":3,"1":10,"2":350,"3":10,"4":10,"5":3,"6":0,"7":0,"8":0,"9":3,"10":0,"11":0,"12":0,"13":0,"14":0,"15":3,"16":0,"17":0,"18":0,"19":0,"20":0,"21":3,"22":12,"23":12,"24":0,"25":0,"26":0,"27":0,"28":0,"29":0,"30":0,"31":0,"32":0,"33":3,"34":0,"35":0,"36":0,"37":0,"38":0,"39":0,"40":0,"41":0,"42":0,"43":0,"44":0,"45":0,"46":0},"f":{"0":10,"1":350,"2":0,"3":0,"4":0,"5":12,"6":0},"b":{"0":[0,0],"1":[0,0],"2":[0,0],"3":[12,0],"4":[0,0],"5":[0,0],"6":[0,0],"7":[0,0],"8":[0,0],"9":[0,0],"10":[0,0]},"_coverageSchema":"1a1c01bbd47fc00a2c39e90264f33305004495a9","hash":"32fa52331d3455a0cc8ff5f8c35b3ff291901285"}
,"C:\\Users\\gerar\\OneDrive\\Desktop\\MeetApp\\meet\\src\\mock-data.js": {"path":"C:\\Users\\gerar\\OneDrive\\Desktop\\MeetApp\\meet\\src\\mock-data.js","statementMap":{"0":{"start":{"line":3,"column":17},"end":{"line":1369,"column":1}}},"fnMap":{},"branchMap":{},"s":{"0":3},"f":{},"b":{},"_coverageSchema":"1a1c01bbd47fc00a2c39e90264f33305004495a9","hash":"6fe1d7813192568f1d50794e1969e5bab36ff3d5"}
,"C:\\Users\\gerar\\OneDrive\\Desktop\\MeetApp\\meet\\src\\components\\CitySearch.jsx": {"path":"C:\\Users\\gerar\\OneDrive\\Desktop\\MeetApp\\meet\\src\\components\\CitySearch.jsx","statementMap":{"0":{"start":{"line":4,"column":19},"end":{"line":54,"column":1}},"1":{"start":{"line":5,"column":48},"end":{"line":5,"column":63}},"2":{"start":{"line":6,"column":28},"end":{"line":6,"column":40}},"3":{"start":{"line":7,"column":40},"end":{"line":7,"column":52}},"4":{"start":{"line":9,"column":2},"end":{"line":11,"column":26}},"5":{"start":{"line":10,"column":4},"end":{"line":10,"column":33}},"6":{"start":{"line":13,"column":29},"end":{"line":22,"column":3}},"7":{"start":{"line":14,"column":18},"end":{"line":14,"column":36}},"8":{"start":{"line":15,"column":30},"end":{"line":17,"column":11}},"9":{"start":{"line":16,"column":6},"end":{"line":16,"column":70}},"10":{"start":{"line":20,"column":4},"end":{"line":20,"column":20}},"11":{"start":{"line":21,"column":4},"end":{"line":21,"column":38}},"12":{"start":{"line":24,"column":28},"end":{"line":29,"column":3}},"13":{"start":{"line":25,"column":18},"end":{"line":25,"column":42}},"14":{"start":{"line":26,"column":4},"end":{"line":26,"column":20}},"15":{"start":{"line":27,"column":4},"end":{"line":27,"column":30}},"16":{"start":{"line":28,"column":4},"end":{"line":28,"column":26}},"17":{"start":{"line":31,"column":2},"end":{"line":53,"column":3}},"18":{"start":{"line":38,"column":23},"end":{"line":38,"column":47}},"19":{"start":{"line":44,"column":12},"end":{"line":44,"column":85}}},"fnMap":{"0":{"name":"(anonymous_0)","decl":{"start":{"line":4,"column":19},"end":{"line":4,"column":20}},"loc":{"start":{"line":4,"column":57},"end":{"line":54,"column":1}},"line":4},"1":{"name":"(anonymous_1)","decl":{"start":{"line":9,"column":12},"end":{"line":9,"column":13}},"loc":{"start":{"line":9,"column":18},"end":{"line":11,"column":3}},"line":9},"2":{"name":"(anonymous_2)","decl":{"start":{"line":13,"column":29},"end":{"line":13,"column":30}},"loc":{"start":{"line":13,"column":40},"end":{"line":22,"column":3}},"line":13},"3":{"name":"(anonymous_3)","decl":{"start":{"line":15,"column":65},"end":{"line":15,"column":66}},"loc":{"start":{"line":15,"column":79},"end":{"line":17,"column":5}},"line":15},"4":{"name":"(anonymous_4)","decl":{"start":{"line":24,"column":28},"end":{"line":24,"column":29}},"loc":{"start":{"line":24,"column":39},"end":{"line":29,"column":3}},"line":24},"5":{"name":"(anonymous_5)","decl":{"start":{"line":38,"column":17},"end":{"line":38,"column":18}},"loc":{"start":{"line":38,"column":23},"end":{"line":38,"column":47}},"line":38},"6":{"name":"(anonymous_6)","decl":{"start":{"line":43,"column":27},"end":{"line":43,"column":28}},"loc":{"start":{"line":43,"column":43},"end":{"line":45,"column":11}},"line":43}},"branchMap":{"0":{"loc":{"start":{"line":15,"column":30},"end":{"line":17,"column":11}},"type":"cond-expr","locations":[{"start":{"line":15,"column":45},"end":{"line":17,"column":6}},{"start":{"line":17,"column":9},"end":{"line":17,"column":11}}],"line":15},"1":{"loc":{"start":{"line":41,"column":7},"end":{"line":50,"column":14}},"type":"cond-expr","locations":[{"start":{"line":42,"column":8},"end":{"line":49,"column":13}},{"start":{"line":50,"column":10},"end":{"line":50,"column":14}}],"line":41}},"s":{"0":4,"1":66,"2":66,"3":66,"4":66,"5":18,"6":66,"7":18,"8":18,"9":36,"10":18,"11":18,"12":66,"13":2,"14":2,"15":2,"16":2,"17":66,"18":5,"19":26},"f":{"0":66,"1":18,"2":18,"3":36,"4":2,"5":5,"6":26},"b":{"0":[18,0],"1":[24,42]},"_coverageSchema":"1a1c01bbd47fc00a2c39e90264f33305004495a9","hash":"f78d62404df180d6619b1d37da855a6b0b348e0f"}
,"C:\\Users\\gerar\\OneDrive\\Desktop\\MeetApp\\meet\\src\\components\\Event.jsx": {"path":"C:\\Users\\gerar\\OneDrive\\Desktop\\MeetApp\\meet\\src\\components\\Event.jsx","statementMap":{"0":{"start":{"line":5,"column":14},"end":{"line":27,"column":1}},"1":{"start":{"line":6,"column":40},"end":{"line":6,"column":55}},"2":{"start":{"line":8,"column":2},"end":{"line":26,"column":4}},"3":{"start":{"line":13,"column":29},"end":{"line":13,"column":57}}},"fnMap":{"0":{"name":"(anonymous_0)","decl":{"start":{"line":5,"column":14},"end":{"line":5,"column":15}},"loc":{"start":{"line":5,"column":29},"end":{"line":27,"column":1}},"line":5},"1":{"name":"(anonymous_1)","decl":{"start":{"line":13,"column":23},"end":{"line":13,"column":24}},"loc":{"start":{"line":13,"column":29},"end":{"line":13,"column":57}},"line":13}},"branchMap":{"0":{"loc":{"start":{"line":14,"column":9},"end":{"line":14,"column":54}},"type":"cond-expr","locations":[{"start":{"line":14,"column":23},"end":{"line":14,"column":37}},{"start":{"line":14,"column":40},"end":{"line":14,"column":54}}],"line":14},"1":{"loc":{"start":{"line":16,"column":7},"end":{"line":24,"column":7}},"type":"binary-expr","locations":[{"start":{"line":16,"column":7},"end":{"line":16,"column":18}},{"start":{"line":17,"column":8},"end":{"line":23,"column":14}}],"line":16}},"s":{"0":5,"1":197,"2":197,"3":3},"f":{"0":197,"1":3},"b":{"0":[2,195],"1":[197,2]},"_coverageSchema":"1a1c01bbd47fc00a2c39e90264f33305004495a9","hash":"bb81c43622d6765d7a76689e135834c5ae6de1c5"}
,"C:\\Users\\gerar\\OneDrive\\Desktop\\MeetApp\\meet\\src\\components\\EventList.jsx": {"path":"C:\\Users\\gerar\\OneDrive\\Desktop\\MeetApp\\meet\\src\\components\\EventList.jsx","statementMap":{"0":{"start":{"line":5,"column":18},"end":{"line":13,"column":1}},"1":{"start":{"line":6,"column":2},"end":{"line":12,"column":4}},"2":{"start":{"line":9,"column":28},"end":{"line":9,"column":66}}},"fnMap":{"0":{"name":"(anonymous_0)","decl":{"start":{"line":5,"column":18},"end":{"line":5,"column":19}},"loc":{"start":{"line":5,"column":34},"end":{"line":13,"column":1}},"line":5},"1":{"name":"(anonymous_1)","decl":{"start":{"line":9,"column":19},"end":{"line":9,"column":20}},"loc":{"start":{"line":9,"column":28},"end":{"line":9,"column":66}},"line":9}},"branchMap":{"0":{"loc":{"start":{"line":8,"column":7},"end":{"line":10,"column":12}},"type":"cond-expr","locations":[{"start":{"line":9,"column":8},"end":{"line":9,"column":67}},{"start":{"line":10,"column":8},"end":{"line":10,"column":12}}],"line":8}},"s":{"0":4,"1":20,"2":188},"f":{"0":20,"1":188},"b":{"0":[18,2]},"_coverageSchema":"1a1c01bbd47fc00a2c39e90264f33305004495a9","hash":"6a9792c3c39d2a8da617b353553c34be4eb1236c"}
,"C:\\Users\\gerar\\OneDrive\\Desktop\\MeetApp\\meet\\src\\components\\NumberOfEvents.jsx": {"path":"C:\\Users\\gerar\\OneDrive\\Desktop\\MeetApp\\meet\\src\\components\\NumberOfEvents.jsx","statementMap":{"0":{"start":{"line":3,"column":23},"end":{"line":15,"column":1}},"1":{"start":{"line":4,"column":2},"end":{"line":14,"column":4}},"2":{"start":{"line":11,"column":25},"end":{"line":11,"column":58}}},"fnMap":{"0":{"name":"(anonymous_0)","decl":{"start":{"line":3,"column":23},"end":{"line":3,"column":24}},"loc":{"start":{"line":3,"column":66},"end":{"line":15,"column":1}},"line":3},"1":{"name":"(anonymous_1)","decl":{"start":{"line":11,"column":18},"end":{"line":11,"column":19}},"loc":{"start":{"line":11,"column":25},"end":{"line":11,"column":58}},"line":11}},"branchMap":{},"s":{"0":4,"1":24,"2":6},"f":{"0":24,"1":6},"b":{},"_coverageSchema":"1a1c01bbd47fc00a2c39e90264f33305004495a9","hash":"aa0802208cc91cdf38f094eb33faed91e550fb7c"}
}
