{"C:\\Users\\gerar\\OneDrive\\Desktop\\MeetApp\\meet\\src\\App.jsx": {"path":"C:\\Users\\gerar\\OneDrive\\Desktop\\MeetApp\\meet\\src\\App.jsx","statementMap":{"0":{"start":{"line":10,"column":12},"end":{"line":41,"column":1}},"1":{"start":{"line":11,"column":30},"end":{"line":11,"column":42}},"2":{"start":{"line":12,"column":46},"end":{"line":12,"column":60}},"3":{"start":{"line":13,"column":42},"end":{"line":13,"column":54}},"4":{"start":{"line":14,"column":40},"end":{"line":14,"column":66}},"5":{"start":{"line":16,"column":2},"end":{"line":18,"column":20}},"6":{"start":{"line":17,"column":4},"end":{"line":17,"column":16}},"7":{"start":{"line":20,"column":20},"end":{"line":27,"column":3}},"8":{"start":{"line":21,"column":22},"end":{"line":21,"column":39}},"9":{"start":{"line":22,"column":27},"end":{"line":24,"column":63}},"10":{"start":{"line":24,"column":32},"end":{"line":24,"column":62}},"11":{"start":{"line":25,"column":4},"end":{"line":25,"column":55}},"12":{"start":{"line":26,"column":4},"end":{"line":26,"column":49}},"13":{"start":{"line":29,"column":2},"end":{"line":40,"column":4}}},"fnMap":{"0":{"name":"(anonymous_0)","decl":{"start":{"line":10,"column":12},"end":{"line":10,"column":13}},"loc":{"start":{"line":10,"column":18},"end":{"line":41,"column":1}},"line":10},"1":{"name":"(anonymous_1)","decl":{"start":{"line":16,"column":12},"end":{"line":16,"column":13}},"loc":{"start":{"line":16,"column":18},"end":{"line":18,"column":3}},"line":16},"2":{"name":"(anonymous_2)","decl":{"start":{"line":20,"column":20},"end":{"line":20,"column":21}},"loc":{"start":{"line":20,"column":32},"end":{"line":27,"column":3}},"line":20},"3":{"name":"(anonymous_3)","decl":{"start":{"line":24,"column":23},"end":{"line":24,"column":24}},"loc":{"start":{"line":24,"column":32},"end":{"line":24,"column":62}},"line":24}},"branchMap":{"0":{"loc":{"start":{"line":22,"column":27},"end":{"line":24,"column":63}},"type":"cond-expr","locations":[{"start":{"line":23,"column":6},"end":{"line":23,"column":15}},{"start":{"line":24,"column":6},"end":{"line":24,"column":63}}],"line":22}},"s":{"0":3,"1":12,"2":11,"3":11,"4":11,"5":11,"6":7,"7":11,"8":7,"9":7,"10":35,"11":7,"12":7,"13":11},"f":{"0":12,"1":7,"2":7,"3":35},"b":{"0":[6,1]},"_coverageSchema":"1a1c01bbd47fc00a2c39e90264f33305004495a9","hash":"cab6766f4f74c269ed049449317713944c62aa78"}
,"C:\\Users\\gerar\\OneDrive\\Desktop\\MeetApp\\meet\\src\\api.js": {"path":"C:\\Users\\gerar\\OneDrive\\Desktop\\MeetApp\\meet\\src\\api.js","statementMap":{"0":{"start":{"line":3,"column":32},"end":{"line":7,"column":1}},"1":{"start":{"line":4,"column":29},"end":{"line":4,"column":66}},"2":{"start":{"line":4,"column":51},"end":{"line":4,"column":65}},"3":{"start":{"line":5,"column":20},"end":{"line":5,"column":52}},"4":{"start":{"line":6,"column":2},"end":{"line":6,"column":19}},"5":{"start":{"line":9,"column":25},"end":{"line":11,"column":1}},"6":{"start":{"line":10,"column":2},"end":{"line":10,"column":18}}},"fnMap":{"0":{"name":"(anonymous_0)","decl":{"start":{"line":3,"column":32},"end":{"line":3,"column":33}},"loc":{"start":{"line":3,"column":44},"end":{"line":7,"column":1}},"line":3},"1":{"name":"(anonymous_1)","decl":{"start":{"line":4,"column":40},"end":{"line":4,"column":41}},"loc":{"start":{"line":4,"column":51},"end":{"line":4,"column":65}},"line":4},"2":{"name":"(anonymous_2)","decl":{"start":{"line":9,"column":25},"end":{"line":9,"column":26}},"loc":{"start":{"line":9,"column":37},"end":{"line":11,"column":1}},"line":9}},"branchMap":{},"s":{"0":3,"1":10,"2":350,"3":10,"4":10,"5":3,"6":12},"f":{"0":10,"1":350,"2":12},"b":{},"_coverageSchema":"1a1c01bbd47fc00a2c39e90264f33305004495a9","hash":"333276f1d2826e652975c301c6d3a8efc9906584"}
,"C:\\Users\\gerar\\OneDrive\\Desktop\\MeetApp\\meet\\src\\mock-data.js": {"path":"C:\\Users\\gerar\\OneDrive\\Desktop\\MeetApp\\meet\\src\\mock-data.js","statementMap":{"0":{"start":{"line":3,"column":17},"end":{"line":1369,"column":1}}},"fnMap":{},"branchMap":{},"s":{"0":3},"f":{},"b":{},"_coverageSchema":"1a1c01bbd47fc00a2c39e90264f33305004495a9","hash":"6fe1d7813192568f1d50794e1969e5bab36ff3d5"}
,"C:\\Users\\gerar\\OneDrive\\Desktop\\MeetApp\\meet\\src\\components\\CitySearch.jsx": {"path":"C:\\Users\\gerar\\OneDrive\\Desktop\\MeetApp\\meet\\src\\components\\CitySearch.jsx","statementMap":{"0":{"start":{"line":4,"column":19},"end":{"line":54,"column":1}},"1":{"start":{"line":5,"column":48},"end":{"line":5,"column":63}},"2":{"start":{"line":6,"column":28},"end":{"line":6,"column":40}},"3":{"start":{"line":7,"column":40},"end":{"line":7,"column":52}},"4":{"start":{"line":9,"column":2},"end":{"line":11,"column":26}},"5":{"start":{"line":10,"column":4},"end":{"line":10,"column":33}},"6":{"start":{"line":13,"column":29},"end":{"line":22,"column":3}},"7":{"start":{"line":14,"column":18},"end":{"line":14,"column":36}},"8":{"start":{"line":15,"column":30},"end":{"line":17,"column":11}},"9":{"start":{"line":16,"column":6},"end":{"line":16,"column":70}},"10":{"start":{"line":20,"column":4},"end":{"line":20,"column":20}},"11":{"start":{"line":21,"column":4},"end":{"line":21,"column":38}},"12":{"start":{"line":24,"column":28},"end":{"line":29,"column":3}},"13":{"start":{"line":25,"column":18},"end":{"line":25,"column":42}},"14":{"start":{"line":26,"column":4},"end":{"line":26,"column":20}},"15":{"start":{"line":27,"column":4},"end":{"line":27,"column":30}},"16":{"start":{"line":28,"column":4},"end":{"line":28,"column":26}},"17":{"start":{"line":31,"column":2},"end":{"line":53,"column":3}},"18":{"start":{"line":38,"column":23},"end":{"line":38,"column":47}},"19":{"start":{"line":44,"column":12},"end":{"line":44,"column":85}}},"fnMap":{"0":{"name":"(anonymous_0)","decl":{"start":{"line":4,"column":19},"end":{"line":4,"column":20}},"loc":{"start":{"line":4,"column":57},"end":{"line":54,"column":1}},"line":4},"1":{"name":"(anonymous_1)","decl":{"start":{"line":9,"column":12},"end":{"line":9,"column":13}},"loc":{"start":{"line":9,"column":18},"end":{"line":11,"column":3}},"line":9},"2":{"name":"(anonymous_2)","decl":{"start":{"line":13,"column":29},"end":{"line":13,"column":30}},"loc":{"start":{"line":13,"column":40},"end":{"line":22,"column":3}},"line":13},"3":{"name":"(anonymous_3)","decl":{"start":{"line":15,"column":65},"end":{"line":15,"column":66}},"loc":{"start":{"line":15,"column":79},"end":{"line":17,"column":5}},"line":15},"4":{"name":"(anonymous_4)","decl":{"start":{"line":24,"column":28},"end":{"line":24,"column":29}},"loc":{"start":{"line":24,"column":39},"end":{"line":29,"column":3}},"line":24},"5":{"name":"(anonymous_5)","decl":{"start":{"line":38,"column":17},"end":{"line":38,"column":18}},"loc":{"start":{"line":38,"column":23},"end":{"line":38,"column":47}},"line":38},"6":{"name":"(anonymous_6)","decl":{"start":{"line":43,"column":27},"end":{"line":43,"column":28}},"loc":{"start":{"line":43,"column":43},"end":{"line":45,"column":11}},"line":43}},"branchMap":{"0":{"loc":{"start":{"line":15,"column":30},"end":{"line":17,"column":11}},"type":"cond-expr","locations":[{"start":{"line":15,"column":45},"end":{"line":17,"column":6}},{"start":{"line":17,"column":9},"end":{"line":17,"column":11}}],"line":15},"1":{"loc":{"start":{"line":41,"column":7},"end":{"line":50,"column":14}},"type":"cond-expr","locations":[{"start":{"line":42,"column":8},"end":{"line":49,"column":13}},{"start":{"line":50,"column":10},"end":{"line":50,"column":14}}],"line":41}},"s":{"0":3,"1":58,"2":58,"3":58,"4":58,"5":16,"6":58,"7":18,"8":18,"9":36,"10":18,"11":18,"12":58,"13":2,"14":2,"15":2,"16":2,"17":58,"18":5,"19":26},"f":{"0":58,"1":16,"2":18,"3":36,"4":2,"5":5,"6":26},"b":{"0":[18,0],"1":[24,34]},"_coverageSchema":"1a1c01bbd47fc00a2c39e90264f33305004495a9","hash":"f78d62404df180d6619b1d37da855a6b0b348e0f"}
,"C:\\Users\\gerar\\OneDrive\\Desktop\\MeetApp\\meet\\src\\components\\Event.jsx": {"path":"C:\\Users\\gerar\\OneDrive\\Desktop\\MeetApp\\meet\\src\\components\\Event.jsx","statementMap":{"0":{"start":{"line":5,"column":14},"end":{"line":27,"column":1}},"1":{"start":{"line":6,"column":40},"end":{"line":6,"column":55}},"2":{"start":{"line":8,"column":2},"end":{"line":26,"column":4}},"3":{"start":{"line":13,"column":29},"end":{"line":13,"column":57}}},"fnMap":{"0":{"name":"(anonymous_0)","decl":{"start":{"line":5,"column":14},"end":{"line":5,"column":15}},"loc":{"start":{"line":5,"column":29},"end":{"line":27,"column":1}},"line":5},"1":{"name":"(anonymous_1)","decl":{"start":{"line":13,"column":23},"end":{"line":13,"column":24}},"loc":{"start":{"line":13,"column":29},"end":{"line":13,"column":57}},"line":13}},"branchMap":{"0":{"loc":{"start":{"line":14,"column":9},"end":{"line":14,"column":54}},"type":"cond-expr","locations":[{"start":{"line":14,"column":23},"end":{"line":14,"column":37}},{"start":{"line":14,"column":40},"end":{"line":14,"column":54}}],"line":14},"1":{"loc":{"start":{"line":16,"column":7},"end":{"line":24,"column":7}},"type":"binary-expr","locations":[{"start":{"line":16,"column":7},"end":{"line":16,"column":18}},{"start":{"line":17,"column":8},"end":{"line":23,"column":14}}],"line":16}},"s":{"0":4,"1":189,"2":189,"3":3},"f":{"0":189,"1":3},"b":{"0":[2,187],"1":[189,2]},"_coverageSchema":"1a1c01bbd47fc00a2c39e90264f33305004495a9","hash":"bb81c43622d6765d7a76689e135834c5ae6de1c5"}
,"C:\\Users\\gerar\\OneDrive\\Desktop\\MeetApp\\meet\\src\\components\\EventList.jsx": {"path":"C:\\Users\\gerar\\OneDrive\\Desktop\\MeetApp\\meet\\src\\components\\EventList.jsx","statementMap":{"0":{"start":{"line":5,"column":18},"end":{"line":13,"column":1}},"1":{"start":{"line":6,"column":2},"end":{"line":12,"column":4}},"2":{"start":{"line":9,"column":28},"end":{"line":9,"column":66}}},"fnMap":{"0":{"name":"(anonymous_0)","decl":{"start":{"line":5,"column":18},"end":{"line":5,"column":19}},"loc":{"start":{"line":5,"column":34},"end":{"line":13,"column":1}},"line":5},"1":{"name":"(anonymous_1)","decl":{"start":{"line":9,"column":19},"end":{"line":9,"column":20}},"loc":{"start":{"line":9,"column":28},"end":{"line":9,"column":66}},"line":9}},"branchMap":{"0":{"loc":{"start":{"line":8,"column":7},"end":{"line":10,"column":12}},"type":"cond-expr","locations":[{"start":{"line":9,"column":8},"end":{"line":9,"column":67}},{"start":{"line":10,"column":8},"end":{"line":10,"column":12}}],"line":8}},"s":{"0":3,"1":14,"2":180},"f":{"0":14,"1":180},"b":{"0":[12,2]},"_coverageSchema":"1a1c01bbd47fc00a2c39e90264f33305004495a9","hash":"6a9792c3c39d2a8da617b353553c34be4eb1236c"}
,"C:\\Users\\gerar\\OneDrive\\Desktop\\MeetApp\\meet\\src\\components\\NumberOfEvents.jsx": {"path":"C:\\Users\\gerar\\OneDrive\\Desktop\\MeetApp\\meet\\src\\components\\NumberOfEvents.jsx","statementMap":{"0":{"start":{"line":3,"column":23},"end":{"line":14,"column":1}},"1":{"start":{"line":4,"column":2},"end":{"line":13,"column":4}},"2":{"start":{"line":10,"column":25},"end":{"line":10,"column":58}}},"fnMap":{"0":{"name":"(anonymous_0)","decl":{"start":{"line":3,"column":23},"end":{"line":3,"column":24}},"loc":{"start":{"line":3,"column":66},"end":{"line":14,"column":1}},"line":3},"1":{"name":"(anonymous_1)","decl":{"start":{"line":10,"column":18},"end":{"line":10,"column":19}},"loc":{"start":{"line":10,"column":25},"end":{"line":10,"column":58}},"line":10}},"branchMap":{},"s":{"0":4,"1":18,"2":4},"f":{"0":18,"1":4},"b":{},"_coverageSchema":"1a1c01bbd47fc00a2c39e90264f33305004495a9","hash":"5988f188cc19d9a1d967115fdfa1954cd4c8e6ff"}
}
