TN:
SF:src\App.jsx
FN:10,(anonymous_0)
FN:16,(anonymous_1)
FN:20,(anonymous_2)
FN:24,(anonymous_3)
FNF:4
FNH:4
FNDA:18,(anonymous_0)
FNDA:10,(anonymous_1)
FNDA:10,(anonymous_2)
FNDA:35,(anonymous_3)
DA:10,4
DA:11,18
DA:12,17
DA:13,17
DA:14,17
DA:16,17
DA:17,10
DA:20,17
DA:21,10
DA:22,10
DA:24,35
DA:25,10
DA:26,10
DA:29,17
LF:14
LH:14
BRDA:22,0,0,9
BRDA:22,0,1,1
BRF:2
BRH:2
end_of_record
TN:
SF:src\api.js
FN:3,(anonymous_0)
FN:4,(anonymous_1)
FN:9,(anonymous_2)
FN:17,(anonymous_3)
FN:29,(anonymous_4)
FN:44,(anonymous_5)
FN:64,(anonymous_6)
FNF:7
FNH:3
FNDA:10,(anonymous_0)
FNDA:350,(anonymous_1)
FNDA:0,(anonymous_2)
FNDA:0,(anonymous_3)
FNDA:0,(anonymous_4)
FNDA:12,(anonymous_5)
FNDA:0,(anonymous_6)
DA:3,3
DA:4,350
DA:5,10
DA:6,10
DA:9,3
DA:10,0
DA:13,0
DA:14,0
DA:17,3
DA:18,0
DA:19,0
DA:22,0
DA:23,0
DA:26,0
DA:29,3
DA:31,0
DA:32,0
DA:37,0
DA:39,0
DA:40,0
DA:44,3
DA:45,12
DA:46,12
DA:50,0
DA:53,0
DA:54,0
DA:55,0
DA:56,0
DA:57,0
DA:58,0
DA:59,0
DA:60,0
DA:64,3
DA:65,0
DA:66,0
DA:69,0
DA:70,0
DA:71,0
DA:72,0
DA:73,0
DA:74,0
DA:77,0
DA:78,0
DA:79,0
DA:81,0
DA:83,0
LF:46
LH:11
BRDA:23,0,0,0
BRDA:23,0,1,0
BRDA:31,1,0,0
BRDA:31,1,1,0
BRDA:31,2,0,0
BRDA:31,2,1,0
BRDA:45,3,0,12
BRDA:45,3,1,0
BRDA:53,4,0,0
BRDA:53,4,1,0
BRDA:58,5,0,0
BRDA:58,5,1,0
BRDA:66,6,0,0
BRDA:66,6,1,0
BRDA:69,7,0,0
BRDA:69,7,1,0
BRDA:69,8,0,0
BRDA:69,8,1,0
BRDA:73,9,0,0
BRDA:73,9,1,0
BRDA:81,10,0,0
BRDA:81,10,1,0
BRF:22
BRH:1
end_of_record
TN:
SF:src\mock-data.js
FNF:0
FNH:0
DA:3,3
LF:1
LH:1
BRF:0
BRH:0
end_of_record
TN:
SF:src\components\CitySearch.jsx
FN:4,(anonymous_0)
FN:9,(anonymous_1)
FN:13,(anonymous_2)
FN:15,(anonymous_3)
FN:24,(anonymous_4)
FN:38,(anonymous_5)
FN:43,(anonymous_6)
FNF:7
FNH:7
FNDA:66,(anonymous_0)
FNDA:18,(anonymous_1)
FNDA:18,(anonymous_2)
FNDA:36,(anonymous_3)
FNDA:2,(anonymous_4)
FNDA:5,(anonymous_5)
FNDA:26,(anonymous_6)
DA:4,4
DA:5,66
DA:6,66
DA:7,66
DA:9,66
DA:10,18
DA:13,66
DA:14,18
DA:15,18
DA:16,36
DA:20,18
DA:21,18
DA:24,66
DA:25,2
DA:26,2
DA:27,2
DA:28,2
DA:31,66
DA:38,5
DA:44,26
LF:20
LH:20
BRDA:15,0,0,18
BRDA:15,0,1,0
BRDA:41,1,0,24
BRDA:41,1,1,42
BRF:4
BRH:3
end_of_record
TN:
SF:src\components\Event.jsx
FN:5,(anonymous_0)
FN:13,(anonymous_1)
FNF:2
FNH:2
FNDA:197,(anonymous_0)
FNDA:3,(anonymous_1)
DA:5,5
DA:6,197
DA:8,197
DA:13,3
LF:4
LH:4
BRDA:14,0,0,2
BRDA:14,0,1,195
BRDA:16,1,0,197
BRDA:16,1,1,2
BRF:4
BRH:4
end_of_record
TN:
SF:src\components\EventList.jsx
FN:5,(anonymous_0)
FN:9,(anonymous_1)
FNF:2
FNH:2
FNDA:20,(anonymous_0)
FNDA:188,(anonymous_1)
DA:5,4
DA:6,20
DA:9,188
LF:3
LH:3
BRDA:8,0,0,18
BRDA:8,0,1,2
BRF:2
BRH:2
end_of_record
TN:
SF:src\components\NumberOfEvents.jsx
FN:3,(anonymous_0)
FN:11,(anonymous_1)
FNF:2
FNH:2
FNDA:24,(anonymous_0)
FNDA:6,(anonymous_1)
DA:3,4
DA:4,24
DA:11,6
LF:3
LH:3
BRF:0
BRH:0
end_of_record
